<?xml version="1.0" encoding="UTF-8"?>
<!-- Generated by org.testng.reporters.JUnitReportReporter -->
<testsuite skipped="0" hostname="IN-komehta-W1" name="mmtTestCases.BaseClassMMT" tests="1" failures="0" timestamp="2019-12-11T15:51:41 IST" time="0.050" errors="0">
  <testcase name="runTest" time="0.050" classname="mmtTestCases.BaseClassMMT"/>
</testsuite> <!-- mmtTestCases.BaseClassMMT -->
