<?xml version="1.0" encoding="UTF-8"?>
<!-- Generated by org.testng.reporters.JUnitReportReporter -->
<testsuite skipped="1" hostname="IN-komehta-W1" name="mmtTestCases.TestCases" tests="2" failures="0" timestamp="2019-12-13T20:02:31 IST" time="24.354" errors="0">
  <testcase name="bookRails" time="24.354" classname="mmtTestCases.TestCases"/>
  <testcase name="flightBooking" classname="mmtTestCases.TestCases">
    <skipped/>
  </testcase> <!-- flightBooking -->
</testsuite> <!-- mmtTestCases.TestCases -->
