<?xml version="1.0" encoding="UTF-8"?>
<!-- Generated by org.testng.reporters.JUnitReportReporter -->
<testsuite skipped="3" hostname="IN-komehta-W1" name="mmtTestCases.TestCases" tests="4" failures="0" timestamp="2020-01-06T21:39:57 IST" time="123.326" errors="0">
  <testcase name="getPriciestPremiumHotelDetails" time="123.326" classname="mmtTestCases.TestCases"/>
  <testcase name="flightBooking" classname="mmtTestCases.TestCases">
    <skipped/>
  </testcase> <!-- flightBooking -->
  <testcase name="bookRails" classname="mmtTestCases.TestCases">
    <skipped/>
  </testcase> <!-- bookRails -->
  <testcase name="getNumberOfTravelBlogsAndClickOnSpecificOne" classname="mmtTestCases.TestCases">
    <skipped/>
  </testcase> <!-- getNumberOfTravelBlogsAndClickOnSpecificOne -->
</testsuite> <!-- mmtTestCases.TestCases -->
