<?xml version="1.0" encoding="UTF-8"?>
<!-- Generated by org.testng.reporters.JUnitReportReporter -->
<testsuite skipped="5" hostname="IN-komehta-W1" name="mmtTestCases.TestCases" tests="6" failures="0" timestamp="2020-01-08T20:19:09 IST" time="72.547" errors="0">
  <testcase name="scrollToRails" time="72.547" classname="mmtTestCases.TestCases"/>
  <testcase name="flightBooking" classname="mmtTestCases.TestCases">
    <skipped/>
  </testcase> <!-- flightBooking -->
  <testcase name="getPriciestPremiumHotelDetails" classname="mmtTestCases.TestCases">
    <skipped/>
  </testcase> <!-- getPriciestPremiumHotelDetails -->
  <testcase name="bookingDateToastMessage" classname="mmtTestCases.TestCases">
    <skipped/>
  </testcase> <!-- bookingDateToastMessage -->
  <testcase name="BookingAdultLimitToastMessage" classname="mmtTestCases.TestCases">
    <skipped/>
  </testcase> <!-- BookingAdultLimitToastMessage -->
  <testcase name="getNumberOfTravelBlogsAndClickOnSpecificOne" classname="mmtTestCases.TestCases">
    <skipped/>
  </testcase> <!-- getNumberOfTravelBlogsAndClickOnSpecificOne -->
</testsuite> <!-- mmtTestCases.TestCases -->
